#
# A fatal error has been detected by the Java Runtime Environment:
#
#  SIGSEGV (0xb) at pc=0xb6bfd188, pid=31648, tid=2069359424
#
# JRE version: 7.0_15-b20
# Java VM: OpenJDK Server VM (23.7-b01 mixed mode linux-x86 )
# Problematic frame:
# V  [libjvm.so+0x42b188]  java_lang_String::utf8_length(oopDesc*)+0x58
#
# Failed to write core dump. Core dumps have been disabled. To enable core dumping, try "ulimit -c unlimited" before starting Java again
#
# If you would like to submit a bug report, please include
# instructions on how to reproduce the bug and visit:
#   https://bugs.launchpad.net/ubuntu/+source/openjdk-7/
#

---------------  T H R E A D  ---------------

Current thread (0x78c9b400):  JavaThread "JDWP Transport Listener: dt_socket" daemon [_thread_in_vm, id=31661, stack(0x7b52e000,0x7b57f000)]

siginfo:si_signo=SIGSEGV: si_errno=0, si_code=1 (SEGV_MAPERR), si_addr=0x00000008

Registers:
EAX=0xa3c282f0, EBX=0xb710b000, ECX=0x00000000, EDX=0x00000000
ESP=0x7b57dfb0, EBP=0x7b57e058, ESI=0x00000000, EDI=0x0856deb0
EIP=0xb6bfd188, EFLAGS=0x00010246, CR2=0x00000008

Top of Stack: (sp=0x7b57dfb0)
0x7b57dfb0:   b64ff9a0 b64ff000 b64ff9a0 b64e9e15
0x7b57dfc0:   b6bfd139 b710b000 78c9b400 b6c0e6c1
0x7b57dfd0:   a3c282f0 00000006 b6ca2429 b64ff000
0x7b57dfe0:   0856deb0 7b57e0bc 7b57e018 a3c282f0
0x7b57dff0:   78c9b400 00000000 7b57e028 00000000
0x7b57e000:   00000190 00000008 b64e9ccb b64ff000
0x7b57e010:   78c9b528 0856deb0 7b57e058 b64c91d0
0x7b57e020:   78c9b528 0856deb0 00000000 b64de8db 

Instructions: (pc=0xb6bfd188)
0xb6bfd168:   10 8d 4c 4e 0c 31 c0 85 d2 0f 45 c1 89 54 24 04
0xb6bfd178:   89 04 24 e8 d0 fe 30 00 83 c4 14 5b 5e c3 66 90
0xb6bfd188:   8b 56 08 eb dc 90 66 90 56 31 c9 53 e8 e2 f2 c6
0xb6bfd198:   ff 81 c3 67 de 50 00 83 ec 14 8b 44 24 20 8b 93 

Register to memory mapping:

EAX=0xa3c282f0 is an oop
java.lang.String 
 - klass: 'java/lang/String'
EBX=0xb710b000: <offset 0x939000> in /usr/lib/jvm/java-7-openjdk-i386/jre/lib/i386/server/libjvm.so at 0xb67d2000
ECX=0x00000000 is an unknown value
EDX=0x00000000 is an unknown value
ESP=0x7b57dfb0 is pointing into the stack for thread: 0x78c9b400
EBP=0x7b57e058 is pointing into the stack for thread: 0x78c9b400
ESI=0x00000000 is an unknown value
EDI=0x0856deb0 is a global jni handle


Stack: [0x7b52e000,0x7b57f000],  sp=0x7b57dfb0,  free space=319k
Native frames: (J=compiled Java code, j=interpreted, Vv=VM code, C=native code)
V  [libjvm.so+0x42b188]  java_lang_String::utf8_length(oopDesc*)+0x58
C  [libjdwp.so+0x126c9]  Agent_OnLoad+0x2cf9
C  [libjdwp.so+0x25c0f]  Agent_OnLoad+0x1623f
C  [libjdwp.so+0x25c70]  Agent_OnLoad+0x162a0


---------------  P R O C E S S  ---------------

Java Threads: ( => current thread )
  0x7700a800 JavaThread "TimerQueue" daemon [_thread_blocked, id=31674, stack(0x77140000,0x77191000)]
  0xb6509000 JavaThread "DestroyJavaVM" [_thread_blocked, id=31649, stack(0xb664e000,0xb669f000)]
  0x7733ac00 JavaThread "AWT-EventQueue-0" [_thread_blocked, id=31673, stack(0x771bc000,0x7720d000)]
  0x77339800 JavaThread "AWT-Shutdown" [_thread_blocked, id=31672, stack(0x7720d000,0x7725e000)]
  0x77335400 JavaThread "AWT-XAWT" daemon [_thread_in_native, id=31671, stack(0x7725e000,0x772af000)]
  0x77312800 JavaThread "Java2D Disposer" daemon [_thread_blocked, id=31670, stack(0x772af000,0x77300000)]
  0x78ca4000 JavaThread "Service Thread" daemon [_thread_blocked, id=31668, stack(0x78912000,0x78963000)]
  0x78ca1800 JavaThread "C2 CompilerThread1" daemon [_thread_blocked, id=31667, stack(0x78963000,0x789e4000)]
  0x78c9f800 JavaThread "C2 CompilerThread0" daemon [_thread_blocked, id=31666, stack(0x789e4000,0x78a65000)]
  0x084cdc00 JavaThread "JDWP Command Reader" daemon [_thread_in_native, id=31665, stack(0x78a65000,0x78ab6000)]
  0x78c9dc00 JavaThread "JDWP Event Helper Thread" daemon [_thread_blocked, id=31664, stack(0x78ab6000,0x78b07000)]
=>0x78c9b400 JavaThread "JDWP Transport Listener: dt_socket" daemon [_thread_in_vm, id=31661, stack(0x7b52e000,0x7b57f000)]
  0x78c92c00 JavaThread "Signal Dispatcher" daemon [_thread_blocked, id=31660, stack(0x78b0d000,0x78b5e000)]
  0x78c51000 JavaThread "Finalizer" daemon [_thread_blocked, id=31659, stack(0x78b5e000,0x78baf000)]
  0x78c4f400 JavaThread "Reference Handler" daemon [_thread_blocked, id=31658, stack(0x78baf000,0x78c00000)]

Other Threads:
  0x78c48c00 VMThread [stack: 0x78d34000,0x78db5000] [id=31657]
  0x78ca5c00 WatcherThread [stack: 0x78891000,0x78912000] [id=31669]

VM state:not at safepoint (normal execution)

VM Mutex/Monitor currently owned by a thread: None

Heap
 PSYoungGen      total 14144K, used 8667K [0xa33f0000, 0xa43b0000, 0xb3090000)
  eden space 12160K, 71% used [0xa33f0000,0xa3c66c58,0xa3fd0000)
  from space 1984K, 0% used [0xa41c0000,0xa41c0000,0xa43b0000)
  to   space 1984K, 0% used [0xa3fd0000,0xa3fd0000,0xa41c0000)
 ParOldGen       total 32384K, used 0K [0x83a90000, 0x85a30000, 0xa33f0000)
  object space 32384K, 0% used [0x83a90000,0x83a90000,0x85a30000)
 PSPermGen       total 16384K, used 8816K [0x7ba90000, 0x7ca90000, 0x83a90000)
  object space 16384K, 53% used [0x7ba90000,0x7c32c258,0x7ca90000)

Card table byte_map: [0x7b8d4000,0x7ba90000] byte_map_base: 0x7b4f6b80

Polling page: 0xb7729000

Code Cache  [0xb3152000, 0xb3392000, 0xb6152000)
 total_blobs=250 nmethods=23 adapters=187 free_code_cache=48773Kb largest_free_block=49923072

Compilation events (10 events):
Event: 3.513 Thread 0x78ca1800   19             java.util.HashMap::indexFor (6 bytes)
Event: 3.514 Thread 0x78ca1800 nmethod 19 0xb31b1648 code [0xb31b1720, 0xb31b1750]
Event: 3.526 Thread 0x78ca1800   20             java.lang.String::length (6 bytes)
Event: 3.526 Thread 0x78ca1800 nmethod 20 0xb31b0988 code [0xb31b0a80, 0xb31b0b10]
Event: 3.533 Thread 0x78c9f800   21             java.util.HashMap::hash (59 bytes)
Event: 3.535 Thread 0x78c9f800 nmethod 21 0xb31b0608 code [0xb31b0720, 0xb31b085c]
Event: 3.870 Thread 0x78ca1800   22             sun.util.logging.PlatformLogger$LoggerProxy::doLog (32 bytes)
Event: 3.873 Thread 0x78ca1800 nmethod 22 0xb31b02c8 code [0xb31b03c0, 0xb31b0464]
Event: 3.894 Thread 0x78c9f800   23             sun.util.logging.PlatformLogger::finest (12 bytes)
Event: 3.898 Thread 0x78c9f800 nmethod 23 0xb31af308 code [0xb31af420, 0xb31af504]

GC Heap History (0 events):
No events

Deoptimization events (6 events):
Event: 0.669 Thread 0x7733ac00 Uncommon trap -34 fr.pc 0xb31a7c10
Event: 0.673 Thread 0x7733ac00 Uncommon trap -34 fr.pc 0xb31a7c10
Event: 0.675 Thread 0x7733ac00 Uncommon trap -34 fr.pc 0xb31a7c10
Event: 0.683 Thread 0x7733ac00 Uncommon trap -34 fr.pc 0xb31a7c10
Event: 3.470 Thread 0x7733ac00 Uncommon trap -34 fr.pc 0xb31a724c
Event: 3.470 Thread 0x7733ac00 Uncommon trap -34 fr.pc 0xb31a724c

Internal exceptions (10 events):
Event: 4.531 Thread 0x7733ac00 Threw 0xa3bdb720 at /build/buildd/openjdk-7-7u15-2.3.7/build/openjdk/hotspot/src/share/vm/prims/jvm.cpp:1166
Event: 4.533 Thread 0x7733ac00 Threw 0xa3bdfa98 at /build/buildd/openjdk-7-7u15-2.3.7/build/openjdk/hotspot/src/share/vm/prims/jvm.cpp:1166
Event: 4.534 Thread 0x7733ac00 Threw 0xa3be3460 at /build/buildd/openjdk-7-7u15-2.3.7/build/openjdk/hotspot/src/share/vm/prims/jvm.cpp:1166
Event: 4.535 Thread 0x7733ac00 Threw 0xa3be7f48 at /build/buildd/openjdk-7-7u15-2.3.7/build/openjdk/hotspot/src/share/vm/prims/jvm.cpp:1166
Event: 4.537 Thread 0x7733ac00 Threw 0xa3beca20 at /build/buildd/openjdk-7-7u15-2.3.7/build/openjdk/hotspot/src/share/vm/prims/jvm.cpp:1166
Event: 4.538 Thread 0x7733ac00 Threw 0xa3bf0eb8 at /build/buildd/openjdk-7-7u15-2.3.7/build/openjdk/hotspot/src/share/vm/prims/jvm.cpp:1166
Event: 4.540 Thread 0x7733ac00 Threw 0xa3bf59f8 at /build/buildd/openjdk-7-7u15-2.3.7/build/openjdk/hotspot/src/share/vm/prims/jvm.cpp:1166
Event: 4.548 Thread 0x7733ac00 Threw 0xa3c06480 at /build/buildd/openjdk-7-7u15-2.3.7/build/openjdk/hotspot/src/share/vm/prims/jvm.cpp:1166
Event: 4.549 Thread 0x7733ac00 Threw 0xa3c0d6c0 at /build/buildd/openjdk-7-7u15-2.3.7/build/openjdk/hotspot/src/share/vm/prims/jvm.cpp:1166
Event: 4.865 Thread 0x7733ac00 Threw 0xa3c113a8 at /build/buildd/openjdk-7-7u15-2.3.7/build/openjdk/hotspot/src/share/vm/prims/jvm.cpp:1166

Events (10 events):
Event: 83.963 Executing VM operation: GetOrSetLocal
Event: 83.963 Executing VM operation: GetOrSetLocal done
Event: 83.965 Executing VM operation: GetOrSetLocal
Event: 83.965 Executing VM operation: GetOrSetLocal done
Event: 83.965 Executing VM operation: GetOrSetLocal
Event: 83.966 Executing VM operation: GetOrSetLocal done
Event: 83.978 Executing VM operation: GetOrSetLocal
Event: 83.978 Executing VM operation: GetOrSetLocal done
Event: 83.988 Executing VM operation: GetOrSetLocal
Event: 83.988 Executing VM operation: GetOrSetLocal done


Dynamic libraries:
08048000-08049000 r-xp 00000000 08:06 397903     /usr/lib/jvm/java-7-openjdk-i386/jre/bin/java
08049000-0804a000 r--p 00000000 08:06 397903     /usr/lib/jvm/java-7-openjdk-i386/jre/bin/java
0804a000-0804b000 rw-p 00001000 08:06 397903     /usr/lib/jvm/java-7-openjdk-i386/jre/bin/java
084cb000-085d6000 rw-p 00000000 00:00 0          [heap]
769b6000-76b00000 rw-p 00000000 00:00 0 
76b00000-76b77000 rw-p 00000000 00:00 0 
76b77000-76c00000 ---p 00000000 00:00 0 
76c8d000-76e4a000 rw-s 00000000 00:04 71696391   /SYSV00000000 (deleted)
76f64000-77000000 rw-p 00000000 00:00 0 
77000000-770f2000 rw-p 00000000 00:00 0 
770f2000-77100000 ---p 00000000 00:00 0 
77140000-77143000 ---p 00000000 00:00 0 
77143000-77191000 rw-p 00000000 00:00 0          [stack:31674]
77191000-771a2000 r-xp 00000000 08:06 410596     /usr/lib/jvm/java-7-openjdk-i386/jre/lib/i386/libnio.so
771a2000-771a3000 r--p 00010000 08:06 410596     /usr/lib/jvm/java-7-openjdk-i386/jre/lib/i386/libnio.so
771a3000-771a4000 rw-p 00011000 08:06 410596     /usr/lib/jvm/java-7-openjdk-i386/jre/lib/i386/libnio.so
771a4000-771ba000 r-xp 00000000 08:06 410610     /usr/lib/jvm/java-7-openjdk-i386/jre/lib/i386/libnet.so
771ba000-771bb000 r--p 00015000 08:06 410610     /usr/lib/jvm/java-7-openjdk-i386/jre/lib/i386/libnet.so
771bb000-771bc000 rw-p 00016000 08:06 410610     /usr/lib/jvm/java-7-openjdk-i386/jre/lib/i386/libnet.so
771bc000-771bf000 ---p 00000000 00:00 0 
771bf000-7720d000 rw-p 00000000 00:00 0          [stack:31673]
7720d000-77210000 ---p 00000000 00:00 0 
77210000-7725e000 rw-p 00000000 00:00 0          [stack:31672]
7725e000-77261000 ---p 00000000 00:00 0 
77261000-772af000 rw-p 00000000 00:00 0          [stack:31671]
772af000-772b2000 ---p 00000000 00:00 0 
772b2000-77300000 rw-p 00000000 00:00 0          [stack:31670]
77300000-773cd000 rw-p 00000000 00:00 0 
773cd000-77400000 ---p 00000000 00:00 0 
77409000-77443000 r-xp 00000000 08:06 410628     /usr/lib/jvm/java-7-openjdk-i386/jre/lib/i386/libfontmanager.so
77443000-77444000 ---p 0003a000 08:06 410628     /usr/lib/jvm/java-7-openjdk-i386/jre/lib/i386/libfontmanager.so
77444000-77445000 r--p 0003a000 08:06 410628     /usr/lib/jvm/java-7-openjdk-i386/jre/lib/i386/libfontmanager.so
77445000-77446000 rw-p 0003b000 08:06 410628     /usr/lib/jvm/java-7-openjdk-i386/jre/lib/i386/libfontmanager.so
77446000-7746a000 r--p 00000000 08:06 1061280    /usr/share/locale-langpack/pl/LC_MESSAGES/libc.mo
7746a000-7746d000 r-xp 00000000 08:06 1835733    /lib/i386-linux-gnu/libgpg-error.so.0.8.0
7746d000-7746e000 r--p 00002000 08:06 1835733    /lib/i386-linux-gnu/libgpg-error.so.0.8.0
7746e000-7746f000 rw-p 00003000 08:06 1835733    /lib/i386-linux-gnu/libgpg-error.so.0.8.0
7746f000-77471000 r-xp 00000000 08:06 1835740    /lib/i386-linux-gnu/libkeyutils.so.1.4
77471000-77472000 r--p 00002000 08:06 1835740    /lib/i386-linux-gnu/libkeyutils.so.1.4
77472000-77473000 rw-p 00003000 08:06 1835740    /lib/i386-linux-gnu/libkeyutils.so.1.4
77473000-774bb000 r-xp 00000000 08:06 1835714    /lib/i386-linux-gnu/libdbus-1.so.3.7.2
774bb000-774bc000 r--p 00047000 08:06 1835714    /lib/i386-linux-gnu/libdbus-1.so.3.7.2
774bc000-774bd000 rw-p 00048000 08:06 1835714    /lib/i386-linux-gnu/libdbus-1.so.3.7.2
774bd000-774cf000 r-xp 00000000 08:06 398485     /usr/lib/i386-linux-gnu/libp11-kit.so.0.0.0
774cf000-774d0000 r--p 00011000 08:06 398485     /usr/lib/i386-linux-gnu/libp11-kit.so.0.0.0
774d0000-774d1000 rw-p 00012000 08:06 398485     /usr/lib/i386-linux-gnu/libp11-kit.so.0.0.0
774d1000-77552000 r-xp 00000000 08:06 1835729    /lib/i386-linux-gnu/libgcrypt.so.11.7.0
77552000-77553000 r--p 00080000 08:06 1835729    /lib/i386-linux-gnu/libgcrypt.so.11.7.0
77553000-77555000 rw-p 00081000 08:06 1835729    /lib/i386-linux-gnu/libgcrypt.so.11.7.0
77555000-77565000 r-xp 00000000 08:06 398628     /usr/lib/i386-linux-gnu/libtasn1.so.3.1.16
77565000-77566000 r--p 0000f000 08:06 398628     /usr/lib/i386-linux-gnu/libtasn1.so.3.1.16
77566000-77567000 rw-p 00010000 08:06 398628     /usr/lib/i386-linux-gnu/libtasn1.so.3.1.16
77567000-7756e000 r-xp 00000000 08:06 398405     /usr/lib/i386-linux-gnu/libkrb5support.so.0.1
7756e000-7756f000 r--p 00006000 08:06 398405     /usr/lib/i386-linux-gnu/libkrb5support.so.0.1
7756f000-77570000 rw-p 00007000 08:06 398405     /usr/lib/i386-linux-gnu/libkrb5support.so.0.1
77570000-77573000 r-xp 00000000 08:06 1835709    /lib/i386-linux-gnu/libcom_err.so.2.1
77573000-77574000 r--p 00002000 08:06 1835709    /lib/i386-linux-gnu/libcom_err.so.2.1
77574000-77575000 rw-p 00003000 08:06 1835709    /lib/i386-linux-gnu/libcom_err.so.2.1
77575000-7759b000 r-xp 00000000 08:06 398397     /usr/lib/i386-linux-gnu/libk5crypto.so.3.1
7759b000-7759c000 r--p 00026000 08:06 398397     /usr/lib/i386-linux-gnu/libk5crypto.so.3.1
7759c000-7759d000 rw-p 00027000 08:06 398397     /usr/lib/i386-linux-gnu/libk5crypto.so.3.1
7759d000-77664000 r-xp 00000000 08:06 398403     /usr/lib/i386-linux-gnu/libkrb5.so.3.3
77664000-7766a000 r--p 000c6000 08:06 398403     /usr/lib/i386-linux-gnu/libkrb5.so.3.3
7766a000-7766b000 rw-p 000cc000 08:06 398403     /usr/lib/i386-linux-gnu/libkrb5.so.3.3
7766b000-77673000 r-xp 00000000 08:06 398706     /usr/lib/i386-linux-gnu/libxcb-render.so.0.0.0
77673000-77674000 r--p 00008000 08:06 398706     /usr/lib/i386-linux-gnu/libxcb-render.so.0.0.0
77674000-77675000 rw-p 00009000 08:06 398706     /usr/lib/i386-linux-gnu/libxcb-render.so.0.0.0
77675000-77677000 r-xp 00000000 08:06 398710     /usr/lib/i386-linux-gnu/libxcb-shm.so.0.0.0
77677000-77678000 r--p 00001000 08:06 398710     /usr/lib/i386-linux-gnu/libxcb-shm.so.0.0.0
77678000-77679000 rw-p 00002000 08:06 398710     /usr/lib/i386-linux-gnu/libxcb-shm.so.0.0.0
77679000-776a0000 r-xp 00000000 08:06 1835793    /lib/i386-linux-gnu/libpng12.so.0.49.0
776a0000-776a1000 r--p 00026000 08:06 1835793    /lib/i386-linux-gnu/libpng12.so.0.49.0
776a1000-776a2000 rw-p 00027000 08:06 1835793    /lib/i386-linux-gnu/libpng12.so.0.49.0
776a2000-77734000 r-xp 00000000 08:06 398515     /usr/lib/i386-linux-gnu/libpixman-1.so.0.26.0
77734000-77738000 r--p 00092000 08:06 398515     /usr/lib/i386-linux-gnu/libpixman-1.so.0.26.0
77738000-77739000 rw-p 00096000 08:06 398515     /usr/lib/i386-linux-gnu/libpixman-1.so.0.26.0
77739000-77749000 r-xp 00000000 08:06 398042     /usr/lib/i386-linux-gnu/libavahi-client.so.3.2.9
77749000-7774a000 r--p 0000f000 08:06 398042     /usr/lib/i386-linux-gnu/libavahi-client.so.3.2.9
7774a000-7774b000 rw-p 00010000 08:06 398042     /usr/lib/i386-linux-gnu/libavahi-client.so.3.2.9
7774b000-77757000 r-xp 00000000 08:06 398044     /usr/lib/i386-linux-gnu/libavahi-common.so.3.5.3
77757000-77758000 r--p 0000b000 08:06 398044     /usr/lib/i386-linux-gnu/libavahi-common.so.3.5.3
77758000-77759000 rw-p 0000c000 08:06 398044     /usr/lib/i386-linux-gnu/libavahi-common.so.3.5.3
77759000-77818000 r-xp 00000000 08:06 399667     /usr/lib/i386-linux-gnu/libgnutls.so.26.21.8
77818000-7781c000 r--p 000be000 08:06 399667     /usr/lib/i386-linux-gnu/libgnutls.so.26.21.8
7781c000-7781d000 rw-p 000c2000 08:06 399667     /usr/lib/i386-linux-gnu/libgnutls.so.26.21.8
7781d000-77858000 r-xp 00000000 08:06 398280     /usr/lib/i386-linux-gnu/libgssapi_krb5.so.2.2
77858000-77859000 r--p 0003a000 08:06 398280     /usr/lib/i386-linux-gnu/libgssapi_krb5.so.2.2
77859000-7785a000 rw-p 0003b000 08:06 398280     /usr/lib/i386-linux-gnu/libgssapi_krb5.so.2.2
7785a000-77898000 r-xp 00000000 08:06 1835789    /lib/i386-linux-gnu/libpcre.so.3.13.1
77898000-77899000 r--p 0003d000 08:06 1835789    /lib/i386-linux-gnu/libpcre.so.3.13.1
77899000-7789a000 rw-p 0003e000 08:06 1835789    /lib/i386-linux-gnu/libpcre.so.3.13.1
7789a000-7789f000 r-xp 00000000 08:06 398175     /usr/lib/i386-linux-gnu/libffi.so.6.0.0
7789f000-778a0000 r--p 00005000 08:06 398175     /usr/lib/i386-linux-gnu/libffi.so.6.0.0
778a0000-778a1000 rw-p 00006000 08:06 398175     /usr/lib/i386-linux-gnu/libffi.so.6.0.0
778a1000-778c6000 r-xp 00000000 08:06 1835722    /lib/i386-linux-gnu/libexpat.so.1.6.0
778c6000-778c8000 r--p 00025000 08:06 1835722    /lib/i386-linux-gnu/libexpat.so.1.6.0
778c8000-778c9000 rw-p 00027000 08:06 1835722    /lib/i386-linux-gnu/libexpat.so.1.6.0
778c9000-7795e000 r-xp 00000000 08:06 394206     /usr/lib/i386-linux-gnu/libfreetype.so.6.9.0
7795e000-77962000 r--p 00094000 08:06 394206     /usr/lib/i386-linux-gnu/libfreetype.so.6.9.0
77962000-77963000 rw-p 00098000 08:06 394206     /usr/lib/i386-linux-gnu/libfreetype.so.6.9.0
77963000-77976000 r-xp 00000000 08:06 1835804    /lib/i386-linux-gnu/libresolv-2.15.so
77976000-77977000 r--p 00013000 08:06 1835804    /lib/i386-linux-gnu/libresolv-2.15.so
77977000-77978000 rw-p 00014000 08:06 1835804    /lib/i386-linux-gnu/libresolv-2.15.so
77978000-7797a000 rw-p 00000000 00:00 0 
7797a000-77997000 r-xp 00000000 08:06 1835808    /lib/i386-linux-gnu/libselinux.so.1
77997000-77998000 r--p 0001c000 08:06 1835808    /lib/i386-linux-gnu/libselinux.so.1
77998000-77999000 rw-p 0001d000 08:06 1835808    /lib/i386-linux-gnu/libselinux.so.1
77999000-779c6000 r-xp 00000000 08:06 398497     /usr/lib/i386-linux-gnu/libpangoft2-1.0.so.0.3000.1
779c6000-779c7000 r--p 0002c000 08:06 398497     /usr/lib/i386-linux-gnu/libpangoft2-1.0.so.0.3000.1
779c7000-779c8000 rw-p 0002d000 08:06 398497     /usr/lib/i386-linux-gnu/libpangoft2-1.0.so.0.3000.1
779c8000-77ace000 r-xp 00000000 08:06 422154     /usr/lib/i386-linux-gnu/libcairo.so.2.11200.2
77ace000-77ad0000 r--p 00106000 08:06 422154     /usr/lib/i386-linux-gnu/libcairo.so.2.11200.2
77ad0000-77ad1000 rw-p 00108000 08:06 422154     /usr/lib/i386-linux-gnu/libcairo.so.2.11200.2
77ad1000-77ad2000 rw-p 00000000 00:00 0 
77ad2000-77b2c000 r-xp 00000000 08:06 394562     /usr/lib/i386-linux-gnu/libcups.so.2
77b2c000-77b2d000 ---p 0005a000 08:06 394562     /usr/lib/i386-linux-gnu/libcups.so.2
77b2d000-77b30000 r--p 0005a000 08:06 394562     /usr/lib/i386-linux-gnu/libcups.so.2
77b30000-77b31000 rw-p 0005d000 08:06 394562     /usr/lib/i386-linux-gnu/libcups.so.2
77b31000-77c2b000 r-xp 00000000 08:06 1835013    /lib/i386-linux-gnu/libglib-2.0.so.0.3400.1
77c2b000-77c2c000 r--p 000f9000 08:06 1835013    /lib/i386-linux-gnu/libglib-2.0.so.0.3400.1
77c2c000-77c2d000 rw-p 000fa000 08:06 1835013    /lib/i386-linux-gnu/libglib-2.0.so.0.3400.1
77c2d000-77c7b000 r-xp 00000000 08:06 393603     /usr/lib/i386-linux-gnu/libgobject-2.0.so.0.3400.1
77c7b000-77c7c000 r--p 0004d000 08:06 393603     /usr/lib/i386-linux-gnu/libgobject-2.0.so.0.3400.1
77c7c000-77c7d000 rw-p 0004e000 08:06 393603     /usr/lib/i386-linux-gnu/libgobject-2.0.so.0.3400.1
77c7d000-77cb3000 r-xp 00000000 08:06 398177     /usr/lib/i386-linux-gnu/libfontconfig.so.1.6.2
77cb3000-77cb4000 r--p 00036000 08:06 398177     /usr/lib/i386-linux-gnu/libfontconfig.so.1.6.2
77cb4000-77cb5000 rw-p 00037000 08:06 398177     /usr/lib/i386-linux-gnu/libfontconfig.so.1.6.2
77cb5000-77cfc000 r-xp 00000000 08:06 398493     /usr/lib/i386-linux-gnu/libpango-1.0.so.0.3000.1
77cfc000-77cfd000 r--p 00047000 08:06 398493     /usr/lib/i386-linux-gnu/libpango-1.0.so.0.3000.1
77cfd000-77cfe000 rw-p 00048000 08:06 398493     /usr/lib/i386-linux-gnu/libpango-1.0.so.0.3000.1
77cfe000-77e59000 r-xp 00000000 08:06 393579     /usr/lib/i386-linux-gnu/libgio-2.0.so.0.3400.1
77e59000-77e5b000 r--p 0015b000 08:06 393579     /usr/lib/i386-linux-gnu/libgio-2.0.so.0.3400.1
77e5b000-77e5c000 rw-p 0015d000 08:06 393579     /usr/lib/i386-linux-gnu/libgio-2.0.so.0.3400.1
77e5c000-77e5d000 rw-p 00000000 00:00 0 
77e5d000-77f08000 r-xp 00000000 08:06 398224     /usr/lib/i386-linux-gnu/libgdk-x11-2.0.so.0.2400.13
77f08000-77f0a000 r--p 000ab000 08:06 398224     /usr/lib/i386-linux-gnu/libgdk-x11-2.0.so.0.2400.13
77f0a000-77f0b000 rw-p 000ad000 08:06 398224     /usr/lib/i386-linux-gnu/libgdk-x11-2.0.so.0.2400.13
77f0b000-7836c000 r-xp 00000000 08:06 398328     /usr/lib/i386-linux-gnu/libgtk-x11-2.0.so.0.2400.13
7836c000-78370000 r--p 00460000 08:06 398328     /usr/lib/i386-linux-gnu/libgtk-x11-2.0.so.0.2400.13
78370000-78372000 rw-p 00464000 08:06 398328     /usr/lib/i386-linux-gnu/libgtk-x11-2.0.so.0.2400.13
78372000-78374000 rw-p 00000000 00:00 0 
78374000-784a6000 r-xp 00000000 08:06 397957     /usr/lib/i386-linux-gnu/libX11.so.6.3.0
784a6000-784a7000 r--p 00132000 08:06 397957     /usr/lib/i386-linux-gnu/libX11.so.6.3.0
784a7000-784aa000 rw-p 00133000 08:06 397957     /usr/lib/i386-linux-gnu/libX11.so.6.3.0
784aa000-784fc000 r-xp 00000000 08:06 398778     /usr/lib/jvm/java-7-openjdk-i386/jre/lib/i386/xawt/libmawt.so
784fc000-784fd000 r--p 00051000 08:06 398778     /usr/lib/jvm/java-7-openjdk-i386/jre/lib/i386/xawt/libmawt.so
784fd000-784ff000 rw-p 00052000 08:06 398778     /usr/lib/jvm/java-7-openjdk-i386/jre/lib/i386/xawt/libmawt.so
784ff000-78500000 rw-p 00000000 00:00 0 
78500000-78600000 rw-p 00000000 00:00 0 
78601000-78606000 r-xp 00000000 08:06 397972     /usr/lib/i386-linux-gnu/libXdmcp.so.6.0.0
78606000-78607000 r--p 00004000 08:06 397972     /usr/lib/i386-linux-gnu/libXdmcp.so.6.0.0
78607000-78608000 rw-p 00005000 08:06 397972     /usr/lib/i386-linux-gnu/libXdmcp.so.6.0.0
78608000-7860a000 r-xp 00000000 08:06 397961     /usr/lib/i386-linux-gnu/libXau.so.6.0.0
7860a000-7860b000 r--p 00001000 08:06 397961     /usr/lib/i386-linux-gnu/libXau.so.6.0.0
7860b000-7860c000 rw-p 00002000 08:06 397961     /usr/lib/i386-linux-gnu/libXau.so.6.0.0
7860c000-7860f000 r-xp 00000000 08:06 393598     /usr/lib/i386-linux-gnu/libgmodule-2.0.so.0.3400.1
7860f000-78610000 r--p 00002000 08:06 393598     /usr/lib/i386-linux-gnu/libgmodule-2.0.so.0.3400.1
78610000-78611000 rw-p 00003000 08:06 393598     /usr/lib/i386-linux-gnu/libgmodule-2.0.so.0.3400.1
78611000-78613000 r-xp 00000000 08:06 397970     /usr/lib/i386-linux-gnu/libXdamage.so.1.1.0
78613000-78614000 r--p 00001000 08:06 397970     /usr/lib/i386-linux-gnu/libXdamage.so.1.1.0
78614000-78615000 rw-p 00002000 08:06 397970     /usr/lib/i386-linux-gnu/libXdamage.so.1.1.0
78615000-7861e000 r-xp 00000000 08:06 397968     /usr/lib/i386-linux-gnu/libXcursor.so.1.0.2
7861e000-7861f000 r--p 00008000 08:06 397968     /usr/lib/i386-linux-gnu/libXcursor.so.1.0.2
7861f000-78620000 rw-p 00009000 08:06 397968     /usr/lib/i386-linux-gnu/libXcursor.so.1.0.2
78620000-7863e000 r-xp 00000000 08:06 398032     /usr/lib/i386-linux-gnu/libatk-1.0.so.0.20609.1
7863e000-78640000 r--p 0001d000 08:06 398032     /usr/lib/i386-linux-gnu/libatk-1.0.so.0.20609.1
78640000-78641000 rw-p 0001f000 08:06 398032     /usr/lib/i386-linux-gnu/libatk-1.0.so.0.20609.1
78641000-786d4000 r-xp 00000000 08:06 410602     /usr/lib/jvm/java-7-openjdk-i386/jre/lib/i386/libawt.so
786d4000-786d5000 r--p 00092000 08:06 410602     /usr/lib/jvm/java-7-openjdk-i386/jre/lib/i386/libawt.so
786d5000-786dc000 rw-p 00093000 08:06 410602     /usr/lib/jvm/java-7-openjdk-i386/jre/lib/i386/libawt.so
786dc000-78700000 rw-p 00000000 00:00 0 
78700000-787f8000 rw-p 00000000 00:00 0 
787f8000-78800000 ---p 00000000 00:00 0 
78801000-78803000 r-xp 00000000 08:06 397966     /usr/lib/i386-linux-gnu/libXcomposite.so.1.0.0
78803000-78804000 r--p 00001000 08:06 397966     /usr/lib/i386-linux-gnu/libXcomposite.so.1.0.0
78804000-78805000 rw-p 00002000 08:06 397966     /usr/lib/i386-linux-gnu/libXcomposite.so.1.0.0
78805000-7880e000 r-xp 00000000 08:06 397992     /usr/lib/i386-linux-gnu/libXrandr.so.2.2.0
7880e000-7880f000 r--p 00008000 08:06 397992     /usr/lib/i386-linux-gnu/libXrandr.so.2.2.0
7880f000-78810000 rw-p 00009000 08:06 397992     /usr/lib/i386-linux-gnu/libXrandr.so.2.2.0
78810000-78815000 r-xp 00000000 08:06 397976     /usr/lib/i386-linux-gnu/libXfixes.so.3.1.0
78815000-78816000 r--p 00004000 08:06 397976     /usr/lib/i386-linux-gnu/libXfixes.so.3.1.0
78816000-78817000 rw-p 00005000 08:06 397976     /usr/lib/i386-linux-gnu/libXfixes.so.3.1.0
78817000-78822000 r-xp 00000000 08:06 398495     /usr/lib/i386-linux-gnu/libpangocairo-1.0.so.0.3000.1
78822000-78823000 r--p 0000a000 08:06 398495     /usr/lib/i386-linux-gnu/libpangocairo-1.0.so.0.3000.1
78823000-78824000 rw-p 0000b000 08:06 398495     /usr/lib/i386-linux-gnu/libpangocairo-1.0.so.0.3000.1
78824000-78844000 r-xp 00000000 08:06 398714     /usr/lib/i386-linux-gnu/libxcb.so.1.1.0
78844000-78845000 r--p 0001f000 08:06 398714     /usr/lib/i386-linux-gnu/libxcb.so.1.1.0
78845000-78846000 rw-p 00020000 08:06 398714     /usr/lib/i386-linux-gnu/libxcb.so.1.1.0
78846000-78866000 r-xp 00000000 08:06 398226     /usr/lib/i386-linux-gnu/libgdk_pixbuf-2.0.so.0.2600.4
78866000-78867000 r--p 0001f000 08:06 398226     /usr/lib/i386-linux-gnu/libgdk_pixbuf-2.0.so.0.2600.4
78867000-78868000 rw-p 00020000 08:06 398226     /usr/lib/i386-linux-gnu/libgdk_pixbuf-2.0.so.0.2600.4
78868000-78876000 r-xp 00000000 08:06 397980     /usr/lib/i386-linux-gnu/libXi.so.6.1.0
78876000-78877000 r--p 0000d000 08:06 397980     /usr/lib/i386-linux-gnu/libXi.so.6.1.0
78877000-78878000 rw-p 0000e000 08:06 397980     /usr/lib/i386-linux-gnu/libXi.so.6.1.0
78878000-7887d000 r-xp 00000000 08:06 397998     /usr/lib/i386-linux-gnu/libXtst.so.6.1.0
7887d000-7887e000 r--p 00004000 08:06 397998     /usr/lib/i386-linux-gnu/libXtst.so.6.1.0
7887e000-7887f000 rw-p 00005000 08:06 397998     /usr/lib/i386-linux-gnu/libXtst.so.6.1.0
7887f000-7888f000 r-xp 00000000 08:06 397974     /usr/lib/i386-linux-gnu/libXext.so.6.4.0
7888f000-78890000 r--p 0000f000 08:06 397974     /usr/lib/i386-linux-gnu/libXext.so.6.4.0
78890000-78891000 rw-p 00010000 08:06 397974     /usr/lib/i386-linux-gnu/libXext.so.6.4.0
78891000-78892000 ---p 00000000 00:00 0 
78892000-78912000 rw-p 00000000 00:00 0          [stack:31669]
78912000-78915000 ---p 00000000 00:00 0 
78915000-78963000 rw-p 00000000 00:00 0          [stack:31668]
78963000-78966000 ---p 00000000 00:00 0 
78966000-789e4000 rw-p 00000000 00:00 0          [stack:31667]
789e4000-789e7000 ---p 00000000 00:00 0 
789e7000-78a65000 rw-p 00000000 00:00 0          [stack:31666]
78a65000-78a68000 ---p 00000000 00:00 0 
78a68000-78ab6000 rw-p 00000000 00:00 0          [stack:31665]
78ab6000-78ab9000 ---p 00000000 00:00 0 
78ab9000-78b07000 rw-p 00000000 00:00 0          [stack:31664]
78b07000-78b0b000 r-xp 00000000 08:06 410620     /usr/lib/jvm/java-7-openjdk-i386/jre/lib/i386/libdt_socket.so
78b0b000-78b0c000 r--p 00003000 08:06 410620     /usr/lib/jvm/java-7-openjdk-i386/jre/lib/i386/libdt_socket.so
78b0c000-78b0d000 rw-p 00004000 08:06 410620     /usr/lib/jvm/java-7-openjdk-i386/jre/lib/i386/libdt_socket.so
78b0d000-78b10000 ---p 00000000 00:00 0 
78b10000-78b5e000 rw-p 00000000 00:00 0          [stack:31660]
78b5e000-78b61000 ---p 00000000 00:00 0 
78b61000-78baf000 rw-p 00000000 00:00 0          [stack:31659]
78baf000-78bb2000 ---p 00000000 00:00 0 
78bb2000-78c00000 rw-p 00000000 00:00 0          [stack:31658]
78c00000-78cfb000 rw-p 00000000 00:00 0 
78cfb000-78d00000 ---p 00000000 00:00 0 
78d02000-78d04000 r-xp 00000000 08:06 397982     /usr/lib/i386-linux-gnu/libXinerama.so.1.0.0
78d04000-78d05000 r--p 00001000 08:06 397982     /usr/lib/i386-linux-gnu/libXinerama.so.1.0.0
78d05000-78d06000 rw-p 00002000 08:06 397982     /usr/lib/i386-linux-gnu/libXinerama.so.1.0.0
78d06000-78d0e000 r-xp 00000000 08:06 397994     /usr/lib/i386-linux-gnu/libXrender.so.1.3.0
78d0e000-78d0f000 r--p 00007000 08:06 397994     /usr/lib/i386-linux-gnu/libXrender.so.1.3.0
78d0f000-78d10000 rw-p 00008000 08:06 397994     /usr/lib/i386-linux-gnu/libXrender.so.1.3.0
78d22000-78d29000 r--s 00000000 08:06 399274     /usr/lib/i386-linux-gnu/gconv/gconv-modules.cache
78d29000-78d34000 r--s 001fb000 08:06 394078     /usr/lib/jvm/java-7-openjdk-common/jre/lib/charsets.jar
78d34000-78d35000 ---p 00000000 00:00 0 
78d35000-78dfd000 rw-p 00000000 00:00 0          [stack:31657]
78dfd000-78fa9000 r--s 01cdd000 08:06 410589     /usr/lib/jvm/java-7-openjdk-i386/jre/lib/rt.jar
78fa9000-7b400000 rw-p 00000000 00:00 0 
7b400000-7b422000 rw-p 00000000 00:00 0 
7b422000-7b500000 ---p 00000000 00:00 0 
7b502000-7b503000 r-xp 00000000 08:06 393604     /usr/lib/i386-linux-gnu/libgthread-2.0.so.0.3400.1
7b503000-7b504000 r--p 00000000 08:06 393604     /usr/lib/i386-linux-gnu/libgthread-2.0.so.0.3400.1
7b504000-7b505000 rw-p 00001000 08:06 393604     /usr/lib/i386-linux-gnu/libgthread-2.0.so.0.3400.1
7b505000-7b507000 r--s 00013000 08:06 2651851    /home/greg/programy/idea-IC-123.169/lib/idea_rt.jar
7b507000-7b508000 r--s 00003000 08:06 2378903    /home/greg/git/nnsimulator/lib/opencsv-2.3.jar
7b508000-7b513000 r--s 001fb000 08:06 394078     /usr/lib/jvm/java-7-openjdk-common/jre/lib/charsets.jar
7b513000-7b51c000 r--s 000bc000 08:06 394079     /usr/lib/jvm/java-7-openjdk-common/jre/lib/resources.jar
7b51c000-7b521000 r--s 0004c000 08:06 415791     /usr/lib/jvm/java-7-openjdk-common/jre/lib/jsse.jar
7b521000-7b522000 r--s 00000000 08:06 415780     /usr/lib/jvm/java-7-openjdk-common/jre/lib/management-agent.jar
7b522000-7b523000 r--s 00000000 08:06 415783     /usr/lib/jvm/java-7-openjdk-common/jre/lib/compilefontconfig.jar
7b523000-7b52e000 r--s 001fb000 08:06 394078     /usr/lib/jvm/java-7-openjdk-common/jre/lib/charsets.jar
7b52e000-7b531000 ---p 00000000 00:00 0 
7b531000-7b57f000 rw-p 00000000 00:00 0          [stack:31661]
7b57f000-7b580000 ---p 00000000 00:00 0 
7b580000-7b600000 rw-p 00000000 00:00 0          [stack:31651]
7b600000-7b700000 rw-p 00000000 00:00 0 
7b700000-7b702000 r--s 00015000 08:06 415790     /usr/lib/jvm/java-7-openjdk-common/jre/lib/jce.jar
7b702000-7b70f000 r--s 00107000 08:06 415789     /usr/lib/jvm/java-7-openjdk-common/jre/lib/rhino.jar
7b70f000-7b712000 r--s 00032000 08:06 396093     /usr/lib/jvm/java-7-openjdk-common/jre/lib/ext/sunjce_provider.jar
7b712000-7b715000 r--s 0000f000 08:06 398108     /usr/lib/jvm/java-7-openjdk-common/jre/lib/ext/pulse-java.jar
7b715000-7b716000 r--s 00002000 08:06 398179     /usr/lib/jvm/java-7-openjdk-common/jre/lib/ext/dnsns.jar
7b716000-7b717000 ---p 00000000 00:00 0 
7b717000-7b79f000 rw-p 00000000 00:00 0          [stack:31650]
7b79f000-7b7d7000 rw-p 00000000 00:00 0 
7b7d7000-7b7e7000 rw-p 00000000 00:00 0 
7b7e7000-7b8d4000 rw-p 00000000 00:00 0 
7b8d4000-7b8dc000 rw-p 00000000 00:00 0 
7b8dc000-7b914000 rw-p 00000000 00:00 0 
7b914000-7b924000 rw-p 00000000 00:00 0 
7b924000-7ba10000 rw-p 00000000 00:00 0 
7ba10000-7ba19000 rw-p 00000000 00:00 0 
7ba19000-7ba8f000 rw-p 00000000 00:00 0 
7ba8f000-7ca90000 rw-p 00000000 00:00 0 
7ca90000-83a90000 rw-p 00000000 00:00 0 
83a90000-85a30000 rw-p 00000000 00:00 0 
85a30000-a33f0000 rw-p 00000000 00:00 0 
a33f0000-a43b0000 rw-p 00000000 00:00 0 
a43b0000-b3090000 rw-p 00000000 00:00 0 
b3090000-b3092000 r--s 00012000 08:06 399722     /usr/lib/jvm/java-7-openjdk-common/jre/lib/ext/zipfs.jar
b3092000-b309b000 rw-p 00000000 00:00 0 
b309b000-b3152000 rw-p 00000000 00:00 0 
b3152000-b3392000 rwxp 00000000 00:00 0 
b3392000-b6152000 rw-p 00000000 00:00 0 
b6152000-b6168000 r-xp 00000000 08:06 1835761    /lib/i386-linux-gnu/libnsl-2.15.so
b6168000-b6169000 r--p 00015000 08:06 1835761    /lib/i386-linux-gnu/libnsl-2.15.so
b6169000-b616a000 rw-p 00016000 08:06 1835761    /lib/i386-linux-gnu/libnsl-2.15.so
b616a000-b616c000 rw-p 00000000 00:00 0 
b616c000-b6173000 r-xp 00000000 08:06 1835763    /lib/i386-linux-gnu/libnss_compat-2.15.so
b6173000-b6174000 r--p 00006000 08:06 1835763    /lib/i386-linux-gnu/libnss_compat-2.15.so
b6174000-b6175000 rw-p 00007000 08:06 1835763    /lib/i386-linux-gnu/libnss_compat-2.15.so
b6176000-b617a000 r--s 00085000 08:06 394082     /usr/lib/jvm/java-7-openjdk-common/jre/lib/ext/localedata.jar
b617a000-b617c000 r--s 00006000 08:06 798831     /usr/share/java/java-atk-wrapper.jar
b617c000-b6184000 r-xp 00000000 08:06 410595     /usr/lib/jvm/java-7-openjdk-i386/jre/lib/i386/libzip.so
b6184000-b6185000 r--p 00007000 08:06 410595     /usr/lib/jvm/java-7-openjdk-i386/jre/lib/i386/libzip.so
b6185000-b6186000 rw-p 00008000 08:06 410595     /usr/lib/jvm/java-7-openjdk-i386/jre/lib/i386/libzip.so
b6186000-b618e000 rw-s 00000000 08:06 2780085    /tmp/hsperfdata_greg/31648
b618e000-b62c0000 r--p 00857000 08:06 401495     /usr/lib/locale/locale-archive
b62c0000-b64c0000 r--p 00000000 08:06 401495     /usr/lib/locale/locale-archive
b64c0000-b64fe000 r-xp 00000000 08:06 410622     /usr/lib/jvm/java-7-openjdk-i386/jre/lib/i386/libjdwp.so
b64fe000-b64ff000 r--p 0003d000 08:06 410622     /usr/lib/jvm/java-7-openjdk-i386/jre/lib/i386/libjdwp.so
b64ff000-b6500000 rw-p 0003e000 08:06 410622     /usr/lib/jvm/java-7-openjdk-i386/jre/lib/i386/libjdwp.so
b6500000-b65f3000 rw-p 00000000 00:00 0 
b65f3000-b6600000 ---p 00000000 00:00 0 
b6600000-b6603000 r--s 0003c000 08:06 394080     /usr/lib/jvm/java-7-openjdk-common/jre/lib/ext/sunpkcs11.jar
b6603000-b660e000 r-xp 00000000 08:06 1835767    /lib/i386-linux-gnu/libnss_files-2.15.so
b660e000-b660f000 r--p 0000a000 08:06 1835767    /lib/i386-linux-gnu/libnss_files-2.15.so
b660f000-b6610000 rw-p 0000b000 08:06 1835767    /lib/i386-linux-gnu/libnss_files-2.15.so
b6610000-b661a000 r-xp 00000000 08:06 1835771    /lib/i386-linux-gnu/libnss_nis-2.15.so
b661a000-b661b000 r--p 00009000 08:06 1835771    /lib/i386-linux-gnu/libnss_nis-2.15.so
b661b000-b661c000 rw-p 0000a000 08:06 1835771    /lib/i386-linux-gnu/libnss_nis-2.15.so
b661c000-b6643000 r-xp 00000000 08:06 410618     /usr/lib/jvm/java-7-openjdk-i386/jre/lib/i386/libjava.so
b6643000-b6644000 r--p 00026000 08:06 410618     /usr/lib/jvm/java-7-openjdk-i386/jre/lib/i386/libjava.so
b6644000-b6645000 rw-p 00027000 08:06 410618     /usr/lib/jvm/java-7-openjdk-i386/jre/lib/i386/libjava.so
b6645000-b664c000 r-xp 00000000 08:06 1835806    /lib/i386-linux-gnu/librt-2.15.so
b664c000-b664d000 r--p 00006000 08:06 1835806    /lib/i386-linux-gnu/librt-2.15.so
b664d000-b664e000 rw-p 00007000 08:06 1835806    /lib/i386-linux-gnu/librt-2.15.so
b664e000-b6651000 ---p 00000000 00:00 0 
b6651000-b669f000 rw-p 00000000 00:00 0          [stack:31649]
b669f000-b66bb000 r-xp 00000000 08:06 1835727    /lib/i386-linux-gnu/libgcc_s.so.1
b66bb000-b66bc000 r--p 0001b000 08:06 1835727    /lib/i386-linux-gnu/libgcc_s.so.1
b66bc000-b66bd000 rw-p 0001c000 08:06 1835727    /lib/i386-linux-gnu/libgcc_s.so.1
b66bd000-b66e7000 r-xp 00000000 08:06 1835744    /lib/i386-linux-gnu/libm-2.15.so
b66e7000-b66e8000 r--p 00029000 08:06 1835744    /lib/i386-linux-gnu/libm-2.15.so
b66e8000-b66e9000 rw-p 0002a000 08:06 1835744    /lib/i386-linux-gnu/libm-2.15.so
b66e9000-b67c5000 r-xp 00000000 08:06 398620     /usr/lib/i386-linux-gnu/libstdc++.so.6.0.17
b67c5000-b67c6000 ---p 000dc000 08:06 398620     /usr/lib/i386-linux-gnu/libstdc++.so.6.0.17
b67c6000-b67ca000 r--p 000dc000 08:06 398620     /usr/lib/i386-linux-gnu/libstdc++.so.6.0.17
b67ca000-b67cb000 rw-p 000e0000 08:06 398620     /usr/lib/i386-linux-gnu/libstdc++.so.6.0.17
b67cb000-b67d2000 rw-p 00000000 00:00 0 
b67d2000-b70c4000 r-xp 00000000 08:06 410597     /usr/lib/jvm/java-7-openjdk-i386/jre/lib/i386/server/libjvm.so
b70c4000-b710b000 r--p 008f2000 08:06 410597     /usr/lib/jvm/java-7-openjdk-i386/jre/lib/i386/server/libjvm.so
b710b000-b711f000 rw-p 00939000 08:06 410597     /usr/lib/jvm/java-7-openjdk-i386/jre/lib/i386/server/libjvm.so
b711f000-b753d000 rw-p 00000000 00:00 0 
b753d000-b7554000 r-xp 00000000 08:06 1835836    /lib/i386-linux-gnu/libz.so.1.2.7
b7554000-b7555000 r--p 00016000 08:06 1835836    /lib/i386-linux-gnu/libz.so.1.2.7
b7555000-b7556000 rw-p 00017000 08:06 1835836    /lib/i386-linux-gnu/libz.so.1.2.7
b7556000-b756d000 r-xp 00000000 08:06 1835798    /lib/i386-linux-gnu/libpthread-2.15.so
b756d000-b756e000 r--p 00016000 08:06 1835798    /lib/i386-linux-gnu/libpthread-2.15.so
b756e000-b756f000 rw-p 00017000 08:06 1835798    /lib/i386-linux-gnu/libpthread-2.15.so
b756f000-b7571000 rw-p 00000000 00:00 0 
b7571000-b7574000 r-xp 00000000 08:06 1835717    /lib/i386-linux-gnu/libdl-2.15.so
b7574000-b7575000 r--p 00002000 08:06 1835717    /lib/i386-linux-gnu/libdl-2.15.so
b7575000-b7576000 rw-p 00003000 08:06 1835717    /lib/i386-linux-gnu/libdl-2.15.so
b7576000-b7719000 r-xp 00000000 08:06 1835702    /lib/i386-linux-gnu/libc-2.15.so
b7719000-b771a000 ---p 001a3000 08:06 1835702    /lib/i386-linux-gnu/libc-2.15.so
b771a000-b771c000 r--p 001a3000 08:06 1835702    /lib/i386-linux-gnu/libc-2.15.so
b771c000-b771d000 rw-p 001a5000 08:06 1835702    /lib/i386-linux-gnu/libc-2.15.so
b771d000-b7721000 rw-p 00000000 00:00 0 
b7721000-b7722000 r--s 0000a000 08:06 405401     /usr/lib/jvm/java-7-openjdk-common/jre/lib/javazic.jar
b7722000-b7723000 r--p 005e0000 08:06 401495     /usr/lib/locale/locale-archive
b7723000-b7726000 r-xp 00000000 08:06 410605     /usr/lib/jvm/java-7-openjdk-i386/jre/lib/i386/libnpt.so
b7726000-b7727000 r--p 00002000 08:06 410605     /usr/lib/jvm/java-7-openjdk-i386/jre/lib/i386/libnpt.so
b7727000-b7728000 rw-p 00003000 08:06 410605     /usr/lib/jvm/java-7-openjdk-i386/jre/lib/i386/libnpt.so
b7728000-b7729000 rw-p 00000000 00:00 0 
b7729000-b772a000 r--p 00000000 00:00 0 
b772a000-b7737000 r-xp 00000000 08:06 410604     /usr/lib/jvm/java-7-openjdk-i386/jre/lib/i386/libverify.so
b7737000-b7738000 ---p 0000d000 08:06 410604     /usr/lib/jvm/java-7-openjdk-i386/jre/lib/i386/libverify.so
b7738000-b7739000 r--p 0000d000 08:06 410604     /usr/lib/jvm/java-7-openjdk-i386/jre/lib/i386/libverify.so
b7739000-b773a000 rw-p 0000e000 08:06 410604     /usr/lib/jvm/java-7-openjdk-i386/jre/lib/i386/libverify.so
b773a000-b7747000 r-xp 00000000 08:06 410612     /usr/lib/jvm/java-7-openjdk-i386/jre/lib/i386/jli/libjli.so
b7747000-b7748000 r--p 0000c000 08:06 410612     /usr/lib/jvm/java-7-openjdk-i386/jre/lib/i386/jli/libjli.so
b7748000-b7749000 rw-p 0000d000 08:06 410612     /usr/lib/jvm/java-7-openjdk-i386/jre/lib/i386/jli/libjli.so
b7749000-b774b000 rw-p 00000000 00:00 0 
b774b000-b774c000 r-xp 00000000 00:00 0          [vdso]
b774c000-b776c000 r-xp 00000000 08:06 1835680    /lib/i386-linux-gnu/ld-2.15.so
b776c000-b776d000 r--p 0001f000 08:06 1835680    /lib/i386-linux-gnu/ld-2.15.so
b776d000-b776e000 rw-p 00020000 08:06 1835680    /lib/i386-linux-gnu/ld-2.15.so
bfb04000-bfb25000 rw-p 00000000 00:00 0          [stack]

VM Arguments:
jvm_args: -agentlib:jdwp=transport=dt_socket,address=127.0.0.1:46904,suspend=y,server=n -Dfile.encoding=UTF-8 
java_command: pl.edu.agh.nnsimulator.gui.Window
Launcher Type: SUN_STANDARD

Environment Variables:
CLASSPATH=/home/greg/programy/idea-IC-123.169/bin/../lib/bootstrap.jar:/home/greg/programy/idea-IC-123.169/bin/../lib/extensions.jar:/home/greg/programy/idea-IC-123.169/bin/../lib/util.jar:/home/greg/programy/idea-IC-123.169/bin/../lib/jdom.jar:/home/greg/programy/idea-IC-123.169/bin/../lib/log4j.jar:/home/greg/programy/idea-IC-123.169/bin/../lib/trove4j.jar:/home/greg/programy/idea-IC-123.169/bin/../lib/jna.jar:/usr/lib/jvm/java-7-openjdk-i386/lib/tools.jar
PATH=/usr/lib/lightdm/lightdm:/usr/local/sbin:/usr/local/bin:/usr/sbin:/usr/bin:/sbin:/bin:/usr/games:/usr/local/games
LD_LIBRARY_PATH=/home/greg/programy/idea-IC-123.169/bin:
SHELL=/bin/bash
DISPLAY=:0.0

Signal Handlers:
SIGSEGV: [libjvm.so+0x756fb0], sa_mask[0]=0x7ffbfeff, sa_flags=0x10000004
SIGBUS: [libjvm.so+0x756fb0], sa_mask[0]=0x7ffbfeff, sa_flags=0x10000004
SIGFPE: [libjvm.so+0x5f3d00], sa_mask[0]=0x7ffbfeff, sa_flags=0x10000004
SIGPIPE: [libjvm.so+0x5f3d00], sa_mask[0]=0x7ffbfeff, sa_flags=0x10000004
SIGXFSZ: [libjvm.so+0x5f3d00], sa_mask[0]=0x7ffbfeff, sa_flags=0x10000004
SIGILL: [libjvm.so+0x5f3d00], sa_mask[0]=0x7ffbfeff, sa_flags=0x10000004
SIGUSR1: SIG_DFL, sa_mask[0]=0x00000000, sa_flags=0x00000000
SIGUSR2: [libjvm.so+0x5f3bb0], sa_mask[0]=0x00000004, sa_flags=0x10000004
SIGHUP: [libjvm.so+0x5f3fc0], sa_mask[0]=0x7ffbfeff, sa_flags=0x10000004
SIGINT: [libjvm.so+0x5f3fc0], sa_mask[0]=0x7ffbfeff, sa_flags=0x10000004
SIGTERM: [libjvm.so+0x5f3fc0], sa_mask[0]=0x7ffbfeff, sa_flags=0x10000004
SIGQUIT: [libjvm.so+0x5f3fc0], sa_mask[0]=0x7ffbfeff, sa_flags=0x10000004


---------------  S Y S T E M  ---------------

OS:Ubuntu 12.10 (quantal)
uname:Linux 3.5.0-26-generic #42-Ubuntu SMP Fri Mar 8 23:20:06 UTC 2013 i686
libc:glibc 2.15 NPTL 2.15 
rlimit: STACK 8192k, CORE 0k, NPROC 24117, NOFILE 4096, AS infinity
load average:1.58 1.35 1.43

/proc/meminfo:
MemTotal:        3102520 kB
MemFree:          292708 kB
Buffers:           73740 kB
Cached:           686852 kB
SwapCached:         3656 kB
Active:          1532096 kB
Inactive:         868020 kB
Active(anon):    1201048 kB
Inactive(anon):   462196 kB
Active(file):     331048 kB
Inactive(file):   405824 kB
Unevictable:       31140 kB
Mlocked:           31140 kB
HighTotal:       2231112 kB
HighFree:          27892 kB
LowTotal:         871408 kB
LowFree:          264816 kB
SwapTotal:       3139580 kB
SwapFree:        3072500 kB
Dirty:              1184 kB
Writeback:             0 kB
AnonPages:       1667676 kB
Mapped:           185828 kB
Shmem:             17864 kB
Slab:              86508 kB
SReclaimable:      62280 kB
SUnreclaim:        24228 kB
KernelStack:        5560 kB
PageTables:        18832 kB
NFS_Unstable:          0 kB
Bounce:                0 kB
WritebackTmp:          0 kB
CommitLimit:     4690840 kB
Committed_AS:    6127588 kB
VmallocTotal:     122880 kB
VmallocUsed:       15672 kB
VmallocChunk:      63540 kB
HardwareCorrupted:     0 kB
AnonHugePages:         0 kB
HugePages_Total:       0
HugePages_Free:        0
HugePages_Rsvd:        0
HugePages_Surp:        0
Hugepagesize:       2048 kB
DirectMap4k:      176120 kB
DirectMap2M:      737280 kB


CPU:total 2 (2 cores per cpu, 1 threads per core) family 6 model 23 stepping 6, cmov, cx8, fxsr, mmx, sse, sse2, sse3, ssse3, sse4.1, tsc

/proc/cpuinfo:
processor	: 0
vendor_id	: GenuineIntel
cpu family	: 6
model		: 23
model name	: Intel(R) Core(TM)2 Duo CPU     T8300  @ 2.40GHz
stepping	: 6
microcode	: 0x60c
cpu MHz		: 2401.000
cache size	: 3072 KB
physical id	: 0
siblings	: 2
core id		: 0
cpu cores	: 2
apicid		: 0
initial apicid	: 0
fdiv_bug	: no
hlt_bug		: no
f00f_bug	: no
coma_bug	: no
fpu		: yes
fpu_exception	: yes
cpuid level	: 10
wp		: yes
flags		: fpu vme de pse tsc msr pae mce cx8 apic sep mtrr pge mca cmov pat pse36 clflush dts acpi mmx fxsr sse sse2 ss ht tm pbe nx lm constant_tsc arch_perfmon pebs bts aperfmperf pni dtes64 monitor ds_cpl vmx est tm2 ssse3 cx16 xtpr pdcm sse4_1 lahf_lm ida dtherm tpr_shadow vnmi flexpriority
bogomips	: 4787.97
clflush size	: 64
cache_alignment	: 64
address sizes	: 36 bits physical, 48 bits virtual
power management:

processor	: 1
vendor_id	: GenuineIntel
cpu family	: 6
model		: 23
model name	: Intel(R) Core(TM)2 Duo CPU     T8300  @ 2.40GHz
stepping	: 6
microcode	: 0x60c
cpu MHz		: 2401.000
cache size	: 3072 KB
physical id	: 0
siblings	: 2
core id		: 1
cpu cores	: 2
apicid		: 1
initial apicid	: 1
fdiv_bug	: no
hlt_bug		: no
f00f_bug	: no
coma_bug	: no
fpu		: yes
fpu_exception	: yes
cpuid level	: 10
wp		: yes
flags		: fpu vme de pse tsc msr pae mce cx8 apic sep mtrr pge mca cmov pat pse36 clflush dts acpi mmx fxsr sse sse2 ss ht tm pbe nx lm constant_tsc arch_perfmon pebs bts aperfmperf pni dtes64 monitor ds_cpl vmx est tm2 ssse3 cx16 xtpr pdcm sse4_1 lahf_lm ida dtherm tpr_shadow vnmi flexpriority
bogomips	: 4787.97
clflush size	: 64
cache_alignment	: 64
address sizes	: 36 bits physical, 48 bits virtual
power management:



Memory: 4k page, physical 3102520k(292708k free), swap 3139580k(3072500k free)

vm_info: OpenJDK Server VM (23.7-b01) for linux-x86 JRE (1.7.0_15-b20), built on Mar  6 2013 20:29:39 by "buildd" with gcc 4.7.2

time: Thu Apr  4 22:15:41 2013
elapsed time: 84 seconds

